
*** Running vivado
    with args -log SSI_top.vds -m64 -product Vivado -mode batch -messageDb vivado.pb -notrace -source SSI_top.tcl



****** Vivado v2022.1 (64-bit)
  **** SW Build 3526262 on Mon Apr 18 15:48:16 MDT 2022
  **** IP Build 3524634 on Mon Apr 18 20:55:01 MDT 2022
    ** Copyright 1986-2022 Xilinx, Inc. All Rights Reserved.

source SSI_top.tcl -notrace
INFO: [IP_Flow 19-234] Refreshing IP repositories
INFO: [IP_Flow 19-1704] No user IP repositories specified
INFO: [IP_Flow 19-2313] Loaded Vivado IP repository 'D:/Xilinx/Vivado/Vivado/2022.1/data/ip'.
Command: read_checkpoint -auto_incremental -incremental C:/Users/Zcy/Desktop/new_prj/XDMA_SSI/XDMA_SSI.srcs/utils_1/imports/synth_1/SSI_top.dcp
INFO: [Vivado 12-5825] Read reference checkpoint from C:/Users/Zcy/Desktop/new_prj/XDMA_SSI/XDMA_SSI.srcs/utils_1/imports/synth_1/SSI_top.dcp for incremental synthesis
INFO: [Vivado 12-7989] Please ensure there are no constraint changes
Command: synth_design -top SSI_top -part xc7k325tffg900-2
Starting synth_design
Attempting to get a license for feature 'Synthesis' and/or device 'xc7k325t'
INFO: [Common 17-349] Got license for feature 'Synthesis' and/or device 'xc7k325t'
INFO: [Device 21-403] Loading part xc7k325tffg900-2
INFO: [Designutils 20-5440] No compile time benefit to using incremental synthesis; A full resynthesis will be run
INFO: [Designutils 20-4379] Flow is switching to default flow due to incremental criteria not met. If you would like to alter this behaviour and have the flow terminate instead, please set the following parameter config_implementation {autoIncr.Synth.RejectBehavior Terminate}
INFO: [Synth 8-7079] Multithreading enabled for synth_design using a maximum of 2 processes.
INFO: [Synth 8-7078] Launching helper process for spawning children vivado processes
INFO: [Synth 8-7075] Helper process launched with PID 77560
WARNING: [Synth 8-9501] generate block is allowed only inside loop and conditional generate in SystemVerilog mode [D:/Xilinx/Vivado/Vivado/2022.1/data/ip/xpm/xpm_fifo/hdl/xpm_fifo.sv:4023]
---------------------------------------------------------------------------------
Starting RTL Elaboration : Time (s): cpu = 00:00:06 ; elapsed = 00:00:07 . Memory (MB): peak = 1295.945 ; gain = 0.000
---------------------------------------------------------------------------------
INFO: [Synth 8-6157] synthesizing module 'SSI_top' [C:/Users/Zcy/Desktop/new_prj/XDMA_SSI/XDMA_SSI.srcs/sources_1/new/SSI_top.v:24]
INFO: [Synth 8-6157] synthesizing module 'IBUFDS_GTE2' [D:/Xilinx/Vivado/Vivado/2022.1/scripts/rt/data/unisim_comp.v:55357]
INFO: [Synth 8-6155] done synthesizing module 'IBUFDS_GTE2' (0#1) [D:/Xilinx/Vivado/Vivado/2022.1/scripts/rt/data/unisim_comp.v:55357]
INFO: [Synth 8-6157] synthesizing module 'IBUF' [D:/Xilinx/Vivado/Vivado/2022.1/scripts/rt/data/unisim_comp.v:55203]
INFO: [Synth 8-6155] done synthesizing module 'IBUF' (0#1) [D:/Xilinx/Vivado/Vivado/2022.1/scripts/rt/data/unisim_comp.v:55203]
INFO: [Synth 8-6157] synthesizing module 'cfg_reg_ctrl' [C:/Users/Zcy/Desktop/new_prj/XDMA_SSI/XDMA_SSI.srcs/sources_1/new/cfg_reg_ctrl.v:21]
INFO: [Synth 8-6155] done synthesizing module 'cfg_reg_ctrl' (0#1) [C:/Users/Zcy/Desktop/new_prj/XDMA_SSI/XDMA_SSI.srcs/sources_1/new/cfg_reg_ctrl.v:21]
INFO: [Synth 8-6157] synthesizing module 'SSI_interface' [C:/Users/Zcy/Desktop/new_prj/XDMA_SSI/XDMA_SSI.srcs/sources_1/new/SSI_interface.v:21]
	Parameter RX_SIZE bound to: 24 - type: integer 
	Parameter CLK_T bound to: 8 - type: integer 
INFO: [Synth 8-6155] done synthesizing module 'SSI_interface' (0#1) [C:/Users/Zcy/Desktop/new_prj/XDMA_SSI/XDMA_SSI.srcs/sources_1/new/SSI_interface.v:21]
INFO: [Synth 8-6157] synthesizing module 'XDMA_wrapper' [C:/Users/Zcy/Desktop/new_prj/XDMA_SSI/XDMA_SSI.gen/sources_1/bd/XDMA/hdl/XDMA_wrapper.v:12]
INFO: [Synth 8-6157] synthesizing module 'XDMA' [c:/Users/Zcy/Desktop/new_prj/XDMA_SSI/XDMA_SSI.gen/sources_1/bd/XDMA/synth/XDMA.v:12]
INFO: [Synth 8-6157] synthesizing module 'XDMA_axi_bram_ctrl_0_5' [C:/Users/Zcy/Desktop/new_prj/XDMA_SSI/XDMA_SSI.runs/synth_1/.Xil/Vivado-77488-DESKTOP-VQGIJDC/realtime/XDMA_axi_bram_ctrl_0_5_stub.v:5]
INFO: [Synth 8-6155] done synthesizing module 'XDMA_axi_bram_ctrl_0_5' (0#1) [C:/Users/Zcy/Desktop/new_prj/XDMA_SSI/XDMA_SSI.runs/synth_1/.Xil/Vivado-77488-DESKTOP-VQGIJDC/realtime/XDMA_axi_bram_ctrl_0_5_stub.v:5]
INFO: [Synth 8-6157] synthesizing module 'XDMA_axi_bram_ctrl_0_4' [C:/Users/Zcy/Desktop/new_prj/XDMA_SSI/XDMA_SSI.runs/synth_1/.Xil/Vivado-77488-DESKTOP-VQGIJDC/realtime/XDMA_axi_bram_ctrl_0_4_stub.v:5]
INFO: [Synth 8-6155] done synthesizing module 'XDMA_axi_bram_ctrl_0_4' (0#1) [C:/Users/Zcy/Desktop/new_prj/XDMA_SSI/XDMA_SSI.runs/synth_1/.Xil/Vivado-77488-DESKTOP-VQGIJDC/realtime/XDMA_axi_bram_ctrl_0_4_stub.v:5]
INFO: [Synth 8-6157] synthesizing module 'XDMA_blk_mem_gen_0_0' [C:/Users/Zcy/Desktop/new_prj/XDMA_SSI/XDMA_SSI.runs/synth_1/.Xil/Vivado-77488-DESKTOP-VQGIJDC/realtime/XDMA_blk_mem_gen_0_0_stub.v:5]
INFO: [Synth 8-6155] done synthesizing module 'XDMA_blk_mem_gen_0_0' (0#1) [C:/Users/Zcy/Desktop/new_prj/XDMA_SSI/XDMA_SSI.runs/synth_1/.Xil/Vivado-77488-DESKTOP-VQGIJDC/realtime/XDMA_blk_mem_gen_0_0_stub.v:5]
WARNING: [Synth 8-7071] port 'rsta_busy' of module 'XDMA_blk_mem_gen_0_0' is unconnected for instance 'blk_mem_gen_0' [c:/Users/Zcy/Desktop/new_prj/XDMA_SSI/XDMA_SSI.gen/sources_1/bd/XDMA/synth/XDMA.v:283]
WARNING: [Synth 8-7071] port 'rstb_busy' of module 'XDMA_blk_mem_gen_0_0' is unconnected for instance 'blk_mem_gen_0' [c:/Users/Zcy/Desktop/new_prj/XDMA_SSI/XDMA_SSI.gen/sources_1/bd/XDMA/synth/XDMA.v:283]
WARNING: [Synth 8-7023] instance 'blk_mem_gen_0' of module 'XDMA_blk_mem_gen_0_0' has 16 connections declared, but only 14 given [c:/Users/Zcy/Desktop/new_prj/XDMA_SSI/XDMA_SSI.gen/sources_1/bd/XDMA/synth/XDMA.v:283]
INFO: [Synth 8-6157] synthesizing module 'XDMA_xdma_0_0' [C:/Users/Zcy/Desktop/new_prj/XDMA_SSI/XDMA_SSI.runs/synth_1/.Xil/Vivado-77488-DESKTOP-VQGIJDC/realtime/XDMA_xdma_0_0_stub.v:5]
INFO: [Synth 8-6155] done synthesizing module 'XDMA_xdma_0_0' (0#1) [C:/Users/Zcy/Desktop/new_prj/XDMA_SSI/XDMA_SSI.runs/synth_1/.Xil/Vivado-77488-DESKTOP-VQGIJDC/realtime/XDMA_xdma_0_0_stub.v:5]
WARNING: [Synth 8-7071] port 'msix_enable' of module 'XDMA_xdma_0_0' is unconnected for instance 'xdma_0' [c:/Users/Zcy/Desktop/new_prj/XDMA_SSI/XDMA_SSI.gen/sources_1/bd/XDMA/synth/XDMA.v:298]
WARNING: [Synth 8-7023] instance 'xdma_0' of module 'XDMA_xdma_0_0' has 82 connections declared, but only 81 given [c:/Users/Zcy/Desktop/new_prj/XDMA_SSI/XDMA_SSI.gen/sources_1/bd/XDMA/synth/XDMA.v:298]
INFO: [Synth 8-6155] done synthesizing module 'XDMA' (0#1) [c:/Users/Zcy/Desktop/new_prj/XDMA_SSI/XDMA_SSI.gen/sources_1/bd/XDMA/synth/XDMA.v:12]
INFO: [Synth 8-6155] done synthesizing module 'XDMA_wrapper' (0#1) [C:/Users/Zcy/Desktop/new_prj/XDMA_SSI/XDMA_SSI.gen/sources_1/bd/XDMA/hdl/XDMA_wrapper.v:12]
INFO: [Synth 8-6155] done synthesizing module 'SSI_top' (0#1) [C:/Users/Zcy/Desktop/new_prj/XDMA_SSI/XDMA_SSI.srcs/sources_1/new/SSI_top.v:24]
INFO: [Synth 8-6071] Mark debug on the nets applies keep_hierarchy on instance 'nolabel_line276'. This will prevent further optimization [C:/Users/Zcy/Desktop/new_prj/XDMA_SSI/XDMA_SSI.srcs/sources_1/new/SSI_top.v:276]
INFO: [Synth 8-6071] Mark debug on the nets applies keep_hierarchy on instance 'SSI_interface_ins'. This will prevent further optimization [C:/Users/Zcy/Desktop/new_prj/XDMA_SSI/XDMA_SSI.srcs/sources_1/new/SSI_top.v:107]
INFO: [Synth 8-6071] Mark debug on the nets applies keep_hierarchy on instance 'nolabel_line85'. This will prevent further optimization [C:/Users/Zcy/Desktop/new_prj/XDMA_SSI/XDMA_SSI.srcs/sources_1/new/SSI_top.v:85]
---------------------------------------------------------------------------------
Finished RTL Elaboration : Time (s): cpu = 00:00:08 ; elapsed = 00:00:09 . Memory (MB): peak = 1323.148 ; gain = 27.203
---------------------------------------------------------------------------------
---------------------------------------------------------------------------------
Start Handling Custom Attributes
---------------------------------------------------------------------------------
---------------------------------------------------------------------------------
Finished Handling Custom Attributes : Time (s): cpu = 00:00:08 ; elapsed = 00:00:09 . Memory (MB): peak = 1323.148 ; gain = 27.203
---------------------------------------------------------------------------------
---------------------------------------------------------------------------------
Finished RTL Optimization Phase 1 : Time (s): cpu = 00:00:08 ; elapsed = 00:00:09 . Memory (MB): peak = 1323.148 ; gain = 27.203
---------------------------------------------------------------------------------
Netlist sorting complete. Time (s): cpu = 00:00:00 ; elapsed = 00:00:00.033 . Memory (MB): peak = 1323.148 ; gain = 0.000
INFO: [Project 1-570] Preparing netlist for logic optimization

Processing XDC Constraints
Initializing timing engine
Parsing XDC File [c:/Users/Zcy/Desktop/new_prj/XDMA_SSI/XDMA_SSI.gen/sources_1/bd/XDMA/ip/XDMA_xdma_0_0/XDMA_xdma_0_0/XDMA_xdma_0_0_in_context.xdc] for cell 'nolabel_line276/XDMA_i/xdma_0'
Finished Parsing XDC File [c:/Users/Zcy/Desktop/new_prj/XDMA_SSI/XDMA_SSI.gen/sources_1/bd/XDMA/ip/XDMA_xdma_0_0/XDMA_xdma_0_0/XDMA_xdma_0_0_in_context.xdc] for cell 'nolabel_line276/XDMA_i/xdma_0'
Parsing XDC File [c:/Users/Zcy/Desktop/new_prj/XDMA_SSI/XDMA_SSI.gen/sources_1/bd/XDMA/ip/XDMA_blk_mem_gen_0_0/XDMA_blk_mem_gen_0_0/XDMA_blk_mem_gen_0_0_in_context.xdc] for cell 'nolabel_line276/XDMA_i/blk_mem_gen_0'
Finished Parsing XDC File [c:/Users/Zcy/Desktop/new_prj/XDMA_SSI/XDMA_SSI.gen/sources_1/bd/XDMA/ip/XDMA_blk_mem_gen_0_0/XDMA_blk_mem_gen_0_0/XDMA_blk_mem_gen_0_0_in_context.xdc] for cell 'nolabel_line276/XDMA_i/blk_mem_gen_0'
Parsing XDC File [c:/Users/Zcy/Desktop/new_prj/XDMA_SSI/XDMA_SSI.gen/sources_1/bd/XDMA/ip/XDMA_axi_bram_ctrl_0_4/XDMA_axi_bram_ctrl_0_4/XDMA_axi_bram_ctrl_0_4_in_context.xdc] for cell 'nolabel_line276/XDMA_i/axi_bram_ctrl_1'
Finished Parsing XDC File [c:/Users/Zcy/Desktop/new_prj/XDMA_SSI/XDMA_SSI.gen/sources_1/bd/XDMA/ip/XDMA_axi_bram_ctrl_0_4/XDMA_axi_bram_ctrl_0_4/XDMA_axi_bram_ctrl_0_4_in_context.xdc] for cell 'nolabel_line276/XDMA_i/axi_bram_ctrl_1'
Parsing XDC File [c:/Users/Zcy/Desktop/new_prj/XDMA_SSI/XDMA_SSI.gen/sources_1/bd/XDMA/ip/XDMA_axi_bram_ctrl_0_5/XDMA_axi_bram_ctrl_0_5/XDMA_axi_bram_ctrl_0_5_in_context.xdc] for cell 'nolabel_line276/XDMA_i/axi_bram_ctrl_0'
Finished Parsing XDC File [c:/Users/Zcy/Desktop/new_prj/XDMA_SSI/XDMA_SSI.gen/sources_1/bd/XDMA/ip/XDMA_axi_bram_ctrl_0_5/XDMA_axi_bram_ctrl_0_5/XDMA_axi_bram_ctrl_0_5_in_context.xdc] for cell 'nolabel_line276/XDMA_i/axi_bram_ctrl_0'
Parsing XDC File [C:/Users/Zcy/Desktop/new_prj/XDMA_SSI/XDMA_SSI.srcs/constrs_1/new/SSI_top.xdc]
Finished Parsing XDC File [C:/Users/Zcy/Desktop/new_prj/XDMA_SSI/XDMA_SSI.srcs/constrs_1/new/SSI_top.xdc]
INFO: [Project 1-236] Implementation specific constraints were found while reading constraint file [C:/Users/Zcy/Desktop/new_prj/XDMA_SSI/XDMA_SSI.srcs/constrs_1/new/SSI_top.xdc]. These constraints will be ignored for synthesis but will be used in implementation. Impacted constraints are listed in the file [.Xil/SSI_top_propImpl.xdc].
Resolution: To avoid this warning, move constraints listed in [.Xil/SSI_top_propImpl.xdc] to another XDC file and exclude this new file from synthesis with the used_in_synthesis property (File Properties dialog in GUI) and re-run elaboration/synthesis.
Parsing XDC File [C:/Users/Zcy/Desktop/new_prj/XDMA_SSI/XDMA_SSI.runs/synth_1/dont_touch.xdc]
Finished Parsing XDC File [C:/Users/Zcy/Desktop/new_prj/XDMA_SSI/XDMA_SSI.runs/synth_1/dont_touch.xdc]
Completed Processing XDC Constraints

Netlist sorting complete. Time (s): cpu = 00:00:00 ; elapsed = 00:00:00 . Memory (MB): peak = 1415.797 ; gain = 0.000
INFO: [Project 1-111] Unisim Transformation Summary:
No Unisim elements were transformed.

Constraint Validation Runtime : Time (s): cpu = 00:00:00 ; elapsed = 00:00:00.013 . Memory (MB): peak = 1415.797 ; gain = 0.000
WARNING: [Timing 38-316] Clock period '20.000' specified during out-of-context synthesis of instance 'nolabel_line276/XDMA_i/blk_mem_gen_0' at clock pin 'clka' is different from the actual clock period '8.000', this can lead to different synthesis results.
INFO: [Designutils 20-5440] No compile time benefit to using incremental synthesis; A full resynthesis will be run
INFO: [Designutils 20-4379] Flow is switching to default flow due to incremental criteria not met. If you would like to alter this behaviour and have the flow terminate instead, please set the following parameter config_implementation {autoIncr.Synth.RejectBehavior Terminate}
---------------------------------------------------------------------------------
Finished Constraint Validation : Time (s): cpu = 00:00:18 ; elapsed = 00:00:19 . Memory (MB): peak = 1419.258 ; gain = 123.312
---------------------------------------------------------------------------------
---------------------------------------------------------------------------------
Start Loading Part and Timing Information
---------------------------------------------------------------------------------
Loading part: xc7k325tffg900-2
---------------------------------------------------------------------------------
Finished Loading Part and Timing Information : Time (s): cpu = 00:00:18 ; elapsed = 00:00:19 . Memory (MB): peak = 1419.258 ; gain = 123.312
---------------------------------------------------------------------------------
---------------------------------------------------------------------------------
Start Applying 'set_property' XDC Constraints
---------------------------------------------------------------------------------
Applied set_property KEEP_HIERARCHY = SOFT for nolabel_line276/XDMA_i. (constraint file  auto generated constraint).
Applied set_property KEEP_HIERARCHY = SOFT for nolabel_line276/XDMA_i/xdma_0. (constraint file  auto generated constraint).
Applied set_property KEEP_HIERARCHY = SOFT for nolabel_line276/XDMA_i/blk_mem_gen_0. (constraint file  auto generated constraint).
Applied set_property KEEP_HIERARCHY = SOFT for nolabel_line276/XDMA_i/axi_bram_ctrl_1. (constraint file  auto generated constraint).
Applied set_property KEEP_HIERARCHY = SOFT for nolabel_line276/XDMA_i/axi_bram_ctrl_0. (constraint file  auto generated constraint).
---------------------------------------------------------------------------------
Finished applying 'set_property' XDC Constraints : Time (s): cpu = 00:00:18 ; elapsed = 00:00:19 . Memory (MB): peak = 1419.258 ; gain = 123.312
---------------------------------------------------------------------------------
INFO: [Synth 8-802] inferred FSM for state register 'rx_state_reg' in module 'SSI_interface'
INFO: [Synth 8-802] inferred FSM for state register 'irq_state0_reg' in module 'SSI_top'
INFO: [Synth 8-802] inferred FSM for state register 'irq_state1_reg' in module 'SSI_top'
INFO: [Synth 8-6159] Found Keep on FSM register 'rx_state_reg' in module 'SSI_interface', re-encoding will not be performed
---------------------------------------------------------------------------------------------------
                   State |                     New Encoding |                Previous Encoding 
---------------------------------------------------------------------------------------------------
*
                    IDLE |                              000 |                              000
                   START |                              001 |                              001
                 RX_RDAT |                              011 |                              011
                 TP_WIAT |                              100 |                              100
---------------------------------------------------------------------------------------------------
INFO: [Synth 8-6159] Found Keep on FSM register 'irq_state0_reg' in module 'SSI_top', re-encoding will not be performed
---------------------------------------------------------------------------------------------------
                   State |                     New Encoding |                Previous Encoding 
---------------------------------------------------------------------------------------------------
*
                  iSTATE |                              000 |                              000
                 iSTATE0 |                              001 |                              001
                 iSTATE1 |                              010 |                              010
---------------------------------------------------------------------------------------------------
INFO: [Synth 8-6159] Found Keep on FSM register 'irq_state1_reg' in module 'SSI_top', re-encoding will not be performed
---------------------------------------------------------------------------------------------------
                   State |                     New Encoding |                Previous Encoding 
---------------------------------------------------------------------------------------------------
*
                  iSTATE |                              000 |                              000
                 iSTATE0 |                              001 |                              001
                 iSTATE1 |                              010 |                              010
---------------------------------------------------------------------------------------------------
---------------------------------------------------------------------------------
Finished RTL Optimization Phase 2 : Time (s): cpu = 00:00:18 ; elapsed = 00:00:20 . Memory (MB): peak = 1419.258 ; gain = 123.312
---------------------------------------------------------------------------------
---------------------------------------------------------------------------------
Start RTL Component Statistics 
---------------------------------------------------------------------------------
Detailed RTL Component Info : 
+---Adders : 
	   2 Input   32 Bit       Adders := 1     
	   2 Input   29 Bit       Adders := 1     
	   2 Input   21 Bit       Adders := 1     
	   2 Input   16 Bit       Adders := 2     
	   2 Input   13 Bit       Adders := 1     
	   2 Input    6 Bit       Adders := 1     
	   2 Input    4 Bit       Adders := 1     
+---Registers : 
	               64 Bit    Registers := 2     
	               29 Bit    Registers := 1     
	               24 Bit    Registers := 2     
	               21 Bit    Registers := 1     
	               16 Bit    Registers := 2     
	               13 Bit    Registers := 1     
	                6 Bit    Registers := 1     
	                4 Bit    Registers := 1     
	                3 Bit    Registers := 7     
	                1 Bit    Registers := 19    
+---Muxes : 
	   2 Input   64 Bit        Muxes := 1     
	   2 Input   29 Bit        Muxes := 5     
	   7 Input   14 Bit        Muxes := 1     
	   2 Input    8 Bit        Muxes := 1     
	   2 Input    6 Bit        Muxes := 1     
	   9 Input    3 Bit        Muxes := 1     
	   2 Input    3 Bit        Muxes := 3     
	   5 Input    3 Bit        Muxes := 1     
	   2 Input    2 Bit        Muxes := 5     
	   4 Input    2 Bit        Muxes := 2     
	   2 Input    1 Bit        Muxes := 21    
	   3 Input    1 Bit        Muxes := 6     
	   4 Input    1 Bit        Muxes := 4     
---------------------------------------------------------------------------------
Finished RTL Component Statistics 
---------------------------------------------------------------------------------
---------------------------------------------------------------------------------
Start Part Resource Summary
---------------------------------------------------------------------------------
Part Resources:
DSPs: 840 (col length:140)
BRAMs: 890 (col length: RAMB18 140 RAMB36 70)
---------------------------------------------------------------------------------
Finished Part Resource Summary
---------------------------------------------------------------------------------
---------------------------------------------------------------------------------
Start Cross Boundary and Area Optimization
---------------------------------------------------------------------------------
WARNING: [Synth 8-7080] Parallel synthesis criteria is not met
---------------------------------------------------------------------------------
Finished Cross Boundary and Area Optimization : Time (s): cpu = 00:00:22 ; elapsed = 00:00:24 . Memory (MB): peak = 1419.258 ; gain = 123.312
---------------------------------------------------------------------------------
---------------------------------------------------------------------------------
Start Applying XDC Timing Constraints
---------------------------------------------------------------------------------
---------------------------------------------------------------------------------
Finished Applying XDC Timing Constraints : Time (s): cpu = 00:00:28 ; elapsed = 00:00:30 . Memory (MB): peak = 1419.258 ; gain = 123.312
---------------------------------------------------------------------------------
---------------------------------------------------------------------------------
Start Timing Optimization
---------------------------------------------------------------------------------
---------------------------------------------------------------------------------
Finished Timing Optimization : Time (s): cpu = 00:00:29 ; elapsed = 00:00:30 . Memory (MB): peak = 1419.258 ; gain = 123.312
---------------------------------------------------------------------------------
---------------------------------------------------------------------------------
Start Technology Mapping
---------------------------------------------------------------------------------
---------------------------------------------------------------------------------
Finished Technology Mapping : Time (s): cpu = 00:00:29 ; elapsed = 00:00:31 . Memory (MB): peak = 1419.258 ; gain = 123.312
---------------------------------------------------------------------------------
---------------------------------------------------------------------------------
Start IO Insertion
---------------------------------------------------------------------------------
---------------------------------------------------------------------------------
Start Flattening Before IO Insertion
---------------------------------------------------------------------------------
---------------------------------------------------------------------------------
Finished Flattening Before IO Insertion
---------------------------------------------------------------------------------
---------------------------------------------------------------------------------
Start Final Netlist Cleanup
---------------------------------------------------------------------------------
---------------------------------------------------------------------------------
Finished Final Netlist Cleanup
---------------------------------------------------------------------------------
---------------------------------------------------------------------------------
Finished IO Insertion : Time (s): cpu = 00:00:35 ; elapsed = 00:00:36 . Memory (MB): peak = 1419.258 ; gain = 123.312
---------------------------------------------------------------------------------
---------------------------------------------------------------------------------
Start Renaming Generated Instances
---------------------------------------------------------------------------------
---------------------------------------------------------------------------------
Finished Renaming Generated Instances : Time (s): cpu = 00:00:35 ; elapsed = 00:00:36 . Memory (MB): peak = 1419.258 ; gain = 123.312
---------------------------------------------------------------------------------
---------------------------------------------------------------------------------
Start Rebuilding User Hierarchy
---------------------------------------------------------------------------------
---------------------------------------------------------------------------------
Finished Rebuilding User Hierarchy : Time (s): cpu = 00:00:35 ; elapsed = 00:00:37 . Memory (MB): peak = 1419.258 ; gain = 123.312
---------------------------------------------------------------------------------
---------------------------------------------------------------------------------
Start Renaming Generated Ports
---------------------------------------------------------------------------------
---------------------------------------------------------------------------------
Finished Renaming Generated Ports : Time (s): cpu = 00:00:35 ; elapsed = 00:00:37 . Memory (MB): peak = 1419.258 ; gain = 123.312
---------------------------------------------------------------------------------
---------------------------------------------------------------------------------
Start Handling Custom Attributes
---------------------------------------------------------------------------------
---------------------------------------------------------------------------------
Finished Handling Custom Attributes : Time (s): cpu = 00:00:35 ; elapsed = 00:00:37 . Memory (MB): peak = 1419.258 ; gain = 123.312
---------------------------------------------------------------------------------
---------------------------------------------------------------------------------
Start Renaming Generated Nets
---------------------------------------------------------------------------------
---------------------------------------------------------------------------------
Finished Renaming Generated Nets : Time (s): cpu = 00:00:35 ; elapsed = 00:00:37 . Memory (MB): peak = 1419.258 ; gain = 123.312
---------------------------------------------------------------------------------
---------------------------------------------------------------------------------
Start ROM, RAM, DSP, Shift Register and Retiming Reporting
---------------------------------------------------------------------------------

Static Shift Register Report:
+--------------+-----------------+--------+-------+--------------+--------------------+-------------------+--------+---------+
|Module Name   | RTL Name        | Length | Width | Reset Signal | Pull out first Reg | Pull out last Reg | SRL16E | SRLC32E | 
+--------------+-----------------+--------+-------+--------------+--------------------+-------------------+--------+---------+
|cfg_reg_ctrl  | rst_reg[2]      | 3      | 1     | NO           | NO                 | YES               | 1      | 0       | 
|SSI_interface | Phy_Rst1_reg[2] | 3      | 1     | NO           | NO                 | YES               | 1      | 0       | 
|SSI_interface | sda_reg[2]      | 3      | 1     | NO           | YES                | NO                | 1      | 0       | 
|SSI_top       | rr_rst_reg[2]   | 3      | 1     | NO           | NO                 | YES               | 1      | 0       | 
+--------------+-----------------+--------+-------+--------------+--------------------+-------------------+--------+---------+

---------------------------------------------------------------------------------
Finished ROM, RAM, DSP, Shift Register and Retiming Reporting
---------------------------------------------------------------------------------
---------------------------------------------------------------------------------
Start Writing Synthesis Report
---------------------------------------------------------------------------------

Report BlackBoxes: 
+------+-----------------------+----------+
|      |BlackBox name          |Instances |
+------+-----------------------+----------+
|1     |XDMA_axi_bram_ctrl_0_5 |         1|
|2     |XDMA_axi_bram_ctrl_0_4 |         1|
|3     |XDMA_blk_mem_gen_0_0   |         1|
|4     |XDMA_xdma_0_0          |         1|
+------+-----------------------+----------+

Report Cell Usage: 
+------+---------------------+------+
|      |Cell                 |Count |
+------+---------------------+------+
|1     |XDMA_axi_bram_ctrl_0 |     2|
|3     |XDMA_blk_mem_gen_0   |     1|
|4     |XDMA_xdma_0          |     1|
|5     |CARRY4               |    33|
|6     |IBUFDS_GTE2          |     1|
|7     |LUT1                 |   171|
|8     |LUT2                 |    10|
|9     |LUT3                 |    27|
|10    |LUT4                 |    27|
|11    |LUT5                 |    25|
|12    |LUT6                 |   145|
|13    |MUXF7                |     3|
|14    |SRL16E               |     4|
|15    |FDRE                 |   290|
|16    |IBUF                 |     8|
|17    |OBUF                 |     7|
+------+---------------------+------+
---------------------------------------------------------------------------------
Finished Writing Synthesis Report : Time (s): cpu = 00:00:35 ; elapsed = 00:00:37 . Memory (MB): peak = 1419.258 ; gain = 123.312
---------------------------------------------------------------------------------
Synthesis finished with 0 errors, 0 critical warnings and 1 warnings.
Synthesis Optimization Runtime : Time (s): cpu = 00:00:24 ; elapsed = 00:00:33 . Memory (MB): peak = 1419.258 ; gain = 27.203
Synthesis Optimization Complete : Time (s): cpu = 00:00:35 ; elapsed = 00:00:37 . Memory (MB): peak = 1419.258 ; gain = 123.312
INFO: [Project 1-571] Translating synthesized netlist
Netlist sorting complete. Time (s): cpu = 00:00:00 ; elapsed = 00:00:00.032 . Memory (MB): peak = 1419.258 ; gain = 0.000
INFO: [Netlist 29-17] Analyzing 36 Unisim elements for replacement
INFO: [Netlist 29-28] Unisim Transformation completed in 0 CPU seconds
INFO: [Project 1-570] Preparing netlist for logic optimization
INFO: [Opt 31-138] Pushed 0 inverter(s) to 0 load pin(s).
Netlist sorting complete. Time (s): cpu = 00:00:00 ; elapsed = 00:00:00 . Memory (MB): peak = 1419.258 ; gain = 0.000
INFO: [Project 1-111] Unisim Transformation Summary:
No Unisim elements were transformed.

Synth Design complete, checksum: fb17f2dd
INFO: [Common 17-83] Releasing license: Synthesis
55 Infos, 8 Warnings, 0 Critical Warnings and 0 Errors encountered.
synth_design completed successfully
synth_design: Time (s): cpu = 00:00:40 ; elapsed = 00:00:44 . Memory (MB): peak = 1419.258 ; gain = 123.312
INFO: [Common 17-600] The following parameters have non-default value.
tcl.collectionResultDisplayLimit
INFO: [Common 17-1381] The checkpoint 'C:/Users/Zcy/Desktop/new_prj/XDMA_SSI/XDMA_SSI.runs/synth_1/SSI_top.dcp' has been generated.
INFO: [runtcl-4] Executing : report_utilization -file SSI_top_utilization_synth.rpt -pb SSI_top_utilization_synth.pb
INFO: [Common 17-206] Exiting Vivado at Sun Sep 28 16:37:19 2025...
