#-----------------------------------------------------------
# Vivado v2022.1 (64-bit)
# SW Build 3526262 on Mon Apr 18 15:48:16 MDT 2022
# IP Build 3524634 on Mon Apr 18 20:55:01 MDT 2022
# Start of session at: Tue Oct 14 17:25:49 2025
# Process ID: 21712
# Current directory: C:/Users/Zcy/Desktop/copy/XDMA_SSI
# Command line: vivado.exe -gui_launcher_event rodinguilauncherevent21364 C:\Users\Zcy\Desktop\copy\XDMA_SSI\XDMA_SSI.xpr
# Log file: C:/Users/Zcy/Desktop/copy/XDMA_SSI/vivado.log
# Journal file: C:/Users/Zcy/Desktop/copy/XDMA_SSI\vivado.jou
# Running On: DESKTOP-VQGIJDC, OS: Windows, CPU Frequency: 1800 MHz, CPU Physical cores: 4, Host memory: 8428 MB
#-----------------------------------------------------------
start_gui
open_project C:/Users/Zcy/Desktop/copy/XDMA_SSI/XDMA_SSI.xpr
WARNING: [Board 49-26] cannot add Board Part xilinx.com:kcu105:part0:1.6 available at D:/Xilinx/Vivado/Vivado/2022.1/data/xhub/boards/XilinxBoardStore/boards/Xilinx/kcu105/1.6/board.xml as part xcku040-ffva1156-2-e specified in board_part file is either invalid or not available
WARNING: [Board 49-26] cannot add Board Part xilinx.com:kcu105:part0:1.7 available at D:/Xilinx/Vivado/Vivado/2022.1/data/xhub/boards/XilinxBoardStore/boards/Xilinx/kcu105/1.7/board.xml as part xcku040-ffva1156-2-e specified in board_part file is either invalid or not available
WARNING: [Board 49-26] cannot add Board Part xilinx.com:kcu116:part0:1.4 available at D:/Xilinx/Vivado/Vivado/2022.1/data/xhub/boards/XilinxBoardStore/boards/Xilinx/kcu116/1.4/board.xml as part xcku5p-ffvb676-2-e specified in board_part file is either invalid or not available
WARNING: [Board 49-26] cannot add Board Part xilinx.com:kcu116:part0:1.5 available at D:/Xilinx/Vivado/Vivado/2022.1/data/xhub/boards/XilinxBoardStore/boards/Xilinx/kcu116/1.5/board.xml as part xcku5p-ffvb676-2-e specified in board_part file is either invalid or not available
WARNING: [Board 49-26] cannot add Board Part xilinx.com:kcu1500:part0:1.2 available at D:/Xilinx/Vivado/Vivado/2022.1/data/xhub/boards/XilinxBoardStore/boards/Xilinx/kcu1500/1.2/board.xml as part xcku115-flvb2104-2-e specified in board_part file is either invalid or not available
WARNING: [Board 49-26] cannot add Board Part xilinx.com:vck190:part0:2.2 available at D:/Xilinx/Vivado/Vivado/2022.1/data/xhub/boards/XilinxBoardStore/boards/Xilinx/vck190/production/2.2/board.xml as part xcvc1902-vsva2197-2mp-e-s specified in board_part file is either invalid or not available
WARNING: [Board 49-26] cannot add Board Part xilinx.com:vck190:part0:3.0 available at D:/Xilinx/Vivado/Vivado/2022.1/data/xhub/boards/XilinxBoardStore/boards/Xilinx/vck190/production/3.0/board.xml as part xcvc1902-vsva2197-2mp-e-s specified in board_part file is either invalid or not available
WARNING: [Board 49-26] cannot add Board Part xilinx.com:vck190_newl:part0:1.0 available at D:/Xilinx/Vivado/Vivado/2022.1/data/xhub/boards/XilinxBoardStore/boards/Xilinx/vck190_newl/production/1.0/board.xml as part xcvc1902-vsva2197-2mp-e-s specified in board_part file is either invalid or not available
WARNING: [Board 49-26] cannot add Board Part xilinx.com:vcu108:part0:1.6 available at D:/Xilinx/Vivado/Vivado/2022.1/data/xhub/boards/XilinxBoardStore/boards/Xilinx/vcu108/1.6/board.xml as part xcvu095-ffva2104-2-e specified in board_part file is either invalid or not available
WARNING: [Board 49-26] cannot add Board Part xilinx.com:vcu108:part0:1.7 available at D:/Xilinx/Vivado/Vivado/2022.1/data/xhub/boards/XilinxBoardStore/boards/Xilinx/vcu108/1.7/board.xml as part xcvu095-ffva2104-2-e specified in board_part file is either invalid or not available
WARNING: [Board 49-26] cannot add Board Part xilinx.com:vcu110:part0:1.4 available at D:/Xilinx/Vivado/Vivado/2022.1/data/xhub/boards/XilinxBoardStore/boards/Xilinx/vcu110/1.4/board.xml as part xcvu190-flgc2104-2-e specified in board_part file is either invalid or not available
WARNING: [Board 49-26] cannot add Board Part xilinx.com:vcu118:part0:2.0 available at D:/Xilinx/Vivado/Vivado/2022.1/data/xhub/boards/XilinxBoardStore/boards/Xilinx/vcu118/2.0/board.xml as part xcvu9p-flga2104-2l-e specified in board_part file is either invalid or not available
WARNING: [Board 49-26] cannot add Board Part xilinx.com:vcu118:part0:2.3 available at D:/Xilinx/Vivado/Vivado/2022.1/data/xhub/boards/XilinxBoardStore/boards/Xilinx/vcu118/2.3/board.xml as part xcvu9p-flga2104-2l-e specified in board_part file is either invalid or not available
WARNING: [Board 49-26] cannot add Board Part xilinx.com:vcu118:part0:2.4 available at D:/Xilinx/Vivado/Vivado/2022.1/data/xhub/boards/XilinxBoardStore/boards/Xilinx/vcu118/2.4/board.xml as part xcvu9p-flga2104-2l-e specified in board_part file is either invalid or not available
WARNING: [Board 49-26] cannot add Board Part xilinx.com:vcu128:part0:1.0 available at D:/Xilinx/Vivado/Vivado/2022.1/data/xhub/boards/XilinxBoardStore/boards/Xilinx/vcu128/production/1.0/board.xml as part xcvu37p-fsvh2892-2l-e specified in board_part file is either invalid or not available
WARNING: [Board 49-26] cannot add Board Part xilinx.com:vcu129:part0:1.0 available at D:/Xilinx/Vivado/Vivado/2022.1/data/xhub/boards/XilinxBoardStore/boards/Xilinx/vcu129/production/1.0/board.xml as part xcvu29p-fsga2577-2l-e specified in board_part file is either invalid or not available
WARNING: [Board 49-26] cannot add Board Part xilinx.com:vcu1525:part0:1.3 available at D:/Xilinx/Vivado/Vivado/2022.1/data/xhub/boards/XilinxBoardStore/boards/Xilinx/vcu1525/1.3/board.xml as part xcvu9p-fsgd2104-2l-e specified in board_part file is either invalid or not available
WARNING: [Board 49-26] cannot add Board Part xilinx.com:vmk180:part0:2.2 available at D:/Xilinx/Vivado/Vivado/2022.1/data/xhub/boards/XilinxBoardStore/boards/Xilinx/vmk180/production/2.2/board.xml as part xcvm1802-vsva2197-2mp-e-s specified in board_part file is either invalid or not available
WARNING: [Board 49-26] cannot add Board Part xilinx.com:vmk180:part0:3.0 available at D:/Xilinx/Vivado/Vivado/2022.1/data/xhub/boards/XilinxBoardStore/boards/Xilinx/vmk180/production/3.0/board.xml as part xcvm1802-vsva2197-2mp-e-s specified in board_part file is either invalid or not available
WARNING: [Board 49-26] cannot add Board Part xilinx.com:vmk180_newl:part0:1.0 available at D:/Xilinx/Vivado/Vivado/2022.1/data/xhub/boards/XilinxBoardStore/boards/Xilinx/vmk180_newl/production/1.0/board.xml as part xcvm1802-vsva2197-2mp-e-s specified in board_part file is either invalid or not available
WARNING: [Board 49-26] cannot add Board Part xilinx.com:vpk120_es:part0:1.2 available at D:/Xilinx/Vivado/Vivado/2022.1/data/xhub/boards/XilinxBoardStore/boards/Xilinx/vpk120/es/1.2/board.xml as part xcvp1202-vsva2785-2mp-e-s-es1 specified in board_part file is either invalid or not available
WARNING: [Board 49-26] cannot add Board Part xilinx.com:vpk120_es_revb:part0:1.0 available at D:/Xilinx/Vivado/Vivado/2022.1/data/xhub/boards/XilinxBoardStore/boards/Xilinx/vpk120_revb/es/1.0/board.xml as part xcvp1202-vsva2785-2mp-e-s-es1 specified in board_part file is either invalid or not available
WARNING: [Board 49-26] cannot add Board Part xilinx.com:zcu208ld:part0:2.0 available at D:/Xilinx/Vivado/Vivado/2022.1/data/xhub/boards/XilinxBoardStore/boards/Xilinx/zcu208ld/production/2.0/board.xml as part xczu58dr-fsvg1517-2-i specified in board_part file is either invalid or not available
WARNING: [Board 49-26] cannot add Board Part xilinx.com:zcu216ld:part0:2.0 available at D:/Xilinx/Vivado/Vivado/2022.1/data/xhub/boards/XilinxBoardStore/boards/Xilinx/zcu216ld/production/2.0/board.xml as part xczu59dr-ffvf1760-2-i specified in board_part file is either invalid or not available
WARNING: [Board 49-26] cannot add Board Part xilinx.com:zcu670:part0:2.0 available at D:/Xilinx/Vivado/Vivado/2022.1/data/xhub/boards/XilinxBoardStore/boards/Xilinx/zcu670/2.0/board.xml as part xczu67dr-fsve1156-2-i specified in board_part file is either invalid or not available
WARNING: [Board 49-26] cannot add Board Part xilinx.com:zcu670ld:part0:1.0 available at D:/Xilinx/Vivado/Vivado/2022.1/data/xhub/boards/XilinxBoardStore/boards/Xilinx/zcu670ld/1.0/board.xml as part xczu57dr-fsve1156-2-i specified in board_part file is either invalid or not available
INFO: [Project 1-313] Project file moved from 'C:/Users/Zcy/Desktop/new_prj/XDMA_SSI' since last save.
Scanning sources...
Finished scanning sources
INFO: [IP_Flow 19-234] Refreshing IP repositories
INFO: [IP_Flow 19-1704] No user IP repositories specified
INFO: [IP_Flow 19-2313] Loaded Vivado IP repository 'D:/Xilinx/Vivado/Vivado/2022.1/data/ip'.
open_project: Time (s): cpu = 00:00:32 ; elapsed = 00:00:14 . Memory (MB): peak = 1592.309 ; gain = 0.000
update_compile_order -fileset sources_1
open_hw_manager
connect_hw_server -allow_non_jtag
INFO: [Labtools 27-2285] Connecting to hw_server url TCP:localhost:3121
INFO: [Labtools 27-2222] Launching hw_server...
INFO: [Labtools 27-2221] Launch Output:

****** Xilinx hw_server v2022.1
  **** Build date : Apr 18 2022 at 16:02:36
    ** Copyright 1986-2022 Xilinx, Inc. All Rights Reserved.


INFO: [Labtools 27-3415] Connecting to cs_server url TCP:localhost:3042
INFO: [Labtools 27-3417] Launching cs_server...
INFO: [Labtools 27-2221] Launch Output:


******** Xilinx cs_server v2022.1.0
  ****** Build date   : Apr 13 2022-03:12:08
    **** Build number : 2022.1.1649790728
      ** Copyright 2017-2025 Xilinx, Inc. All Rights Reserved.



connect_hw_server: Time (s): cpu = 00:00:03 ; elapsed = 00:00:20 . Memory (MB): peak = 1592.309 ; gain = 0.000
open_hw_target
INFO: [Labtoolstcl 44-466] Opening hw_target localhost:3121/xilinx_tcf/Xilinx/DebugChannelA
open_hw_target: Time (s): cpu = 00:00:11 ; elapsed = 00:00:14 . Memory (MB): peak = 3280.441 ; gain = 1688.133
set_property PROGRAM.FILE {C:/Users/Zcy/Desktop/copy/XDMA_SSI/XDMA_SSI.runs/impl_1/SSI_top.bit} [get_hw_devices xc7k325t_0]
set_property PROBES.FILE {C:/Users/Zcy/Desktop/copy/XDMA_SSI/XDMA_SSI.runs/impl_1/SSI_top.ltx} [get_hw_devices xc7k325t_0]
set_property FULL_PROBES.FILE {C:/Users/Zcy/Desktop/copy/XDMA_SSI/XDMA_SSI.runs/impl_1/SSI_top.ltx} [get_hw_devices xc7k325t_0]
current_hw_device [get_hw_devices xc7k325t_0]
refresh_hw_device [lindex [get_hw_devices xc7k325t_0] 0]
INFO: [Labtools 27-2302] Device xc7k325t (JTAG device index = 0) is programmed with a design that has 1 ILA core(s).
WARNING: [Labtools 27-3413] Dropping logic core with cellname:'u_ila_1' at location 'uuid_3B505A030738513C98471D25F5B1F848' from probes file, since it cannot be found on the programmed device.
WARNING: [Labtools 27-1973] Mismatch between the design programmed into the device xc7k325t (JTAG device index = 0) and the probes file(s) C:/Users/Zcy/Desktop/copy/XDMA_SSI/XDMA_SSI.runs/impl_1/SSI_top.ltx.
 The device core at location uuid_23E7D65A79BC59F7BC47406C1714DFAE, has 54 ILA Input port(s), but the core in the probes file(s) have 1 ILA Input port(s).
Resolution: 
1. Reprogram device with the correct programming file and associated probes file(s) OR
2. Goto device properties and associate the correct probes file(s) with the programming file already programmed in the device.
set_property PROBES.FILE {C:/Users/Zcy/Desktop/copy/XDMA_SSI/XDMA_SSI.runs/impl_1/SSI_top.ltx} [get_hw_devices xc7k325t_0]
set_property FULL_PROBES.FILE {C:/Users/Zcy/Desktop/copy/XDMA_SSI/XDMA_SSI.runs/impl_1/SSI_top.ltx} [get_hw_devices xc7k325t_0]
set_property PROGRAM.FILE {C:/Users/Zcy/Desktop/copy/XDMA_SSI/XDMA_SSI.runs/impl_1/SSI_top.bit} [get_hw_devices xc7k325t_0]
program_hw_devices [get_hw_devices xc7k325t_0]
INFO: [Labtools 27-3164] End of startup status: HIGH
refresh_hw_device [lindex [get_hw_devices xc7k325t_0] 0]
INFO: [Labtools 27-2302] Device xc7k325t (JTAG device index = 0) is programmed with a design that has 2 ILA core(s).
display_hw_ila_data [ get_hw_ila_data hw_ila_data_1 -of_objects [get_hw_ilas -of_objects [get_hw_devices xc7k325t_0] -filter {CELL_NAME=~"u_ila_0"}]]
display_hw_ila_data [ get_hw_ila_data hw_ila_data_2 -of_objects [get_hw_ilas -of_objects [get_hw_devices xc7k325t_0] -filter {CELL_NAME=~"u_ila_1"}]]
ERROR: [Labtoolstcl 44-513] HW Target shutdown. Closing target: localhost:3121/xilinx_tcf/Xilinx/DebugChannelA
INFO: [Labtoolstcl 44-466] Opening hw_target localhost:3121/xilinx_tcf/Xilinx/DebugChannelA
INFO: [Labtools 27-1435] Device xc7k325t (JTAG device index = 0) is not programmed (DONE status = 0).
WARNING: [Labtoolstcl 44-129] No matching hw_ila_data was found.
set_property PROBES.FILE {C:/Users/Zcy/Desktop/copy/XDMA_SSI/XDMA_SSI.runs/impl_1/SSI_top.ltx} [get_hw_devices xc7k325t_0]
set_property FULL_PROBES.FILE {C:/Users/Zcy/Desktop/copy/XDMA_SSI/XDMA_SSI.runs/impl_1/SSI_top.ltx} [get_hw_devices xc7k325t_0]
set_property PROGRAM.FILE {C:/Users/Zcy/Desktop/copy/XDMA_SSI/XDMA_SSI.runs/impl_1/SSI_top.bit} [get_hw_devices xc7k325t_0]
program_hw_devices [get_hw_devices xc7k325t_0]
INFO: [Labtools 27-3164] End of startup status: HIGH
refresh_hw_device [lindex [get_hw_devices xc7k325t_0] 0]
INFO: [Labtools 27-2302] Device xc7k325t (JTAG device index = 0) is programmed with a design that has 2 ILA core(s).
display_hw_ila_data [ get_hw_ila_data hw_ila_data_1 -of_objects [get_hw_ilas -of_objects [get_hw_devices xc7k325t_0] -filter {CELL_NAME=~"u_ila_0"}]]
display_hw_ila_data [ get_hw_ila_data hw_ila_data_2 -of_objects [get_hw_ilas -of_objects [get_hw_devices xc7k325t_0] -filter {CELL_NAME=~"u_ila_1"}]]
save_wave_config {C:/Users/Zcy/Desktop/copy/XDMA_SSI/XDMA_SSI.hw/hw_1/wave/hw_ila_data_1/hw_ila_data_1.wcfg}
save_wave_config {C:/Users/Zcy/Desktop/copy/XDMA_SSI/XDMA_SSI.hw/hw_1/wave/hw_ila_data_2/hw_ila_data_2.wcfg}
close_hw_manager
open_bd_design {C:/Users/Zcy/Desktop/copy/XDMA_SSI/XDMA_SSI.srcs/sources_1/bd/XDMA/XDMA.bd}
Reading block design file <C:/Users/Zcy/Desktop/copy/XDMA_SSI/XDMA_SSI.srcs/sources_1/bd/XDMA/XDMA.bd>...
Adding component instance block -- xilinx.com:ip:xdma:4.1 - xdma_0
Adding component instance block -- xilinx.com:ip:blk_mem_gen:8.4 - blk_mem_gen_0
Adding component instance block -- xilinx.com:ip:axi_bram_ctrl:4.1 - axi_bram_ctrl_1
Adding component instance block -- xilinx.com:ip:axi_bram_ctrl:4.1 - axi_bram_ctrl_0
Successfully read diagram <XDMA> from block design file <C:/Users/Zcy/Desktop/copy/XDMA_SSI/XDMA_SSI.srcs/sources_1/bd/XDMA/XDMA.bd>
open_bd_design: Time (s): cpu = 00:00:06 ; elapsed = 00:00:06 . Memory (MB): peak = 3428.148 ; gain = 21.434
regenerate_bd_layout
not writing pins
close_bd_design [get_bd_designs XDMA]
Wrote  : <C:/Users/Zcy/Desktop/copy/XDMA_SSI/XDMA_SSI.srcs/sources_1/bd/XDMA/ui/bd_c8c86ee0.ui> 
exit
INFO: [Common 17-206] Exiting Vivado at Tue Oct 14 17:55:04 2025...
