Copyright 1986-2022 Xilinx, Inc. All Rights Reserved.
-------------------------------------------------------------------------------------------------------------------------------------------
| Tool Version     : Vivado v.2022.1 (win64) Build 3526262 Mon Apr 18 15:48:16 MDT 2022
| Date             : Tue Nov  4 18:49:08 2025
| Host             : DESKTOP-VQGIJDC running 64-bit major release  (build 9200)
| Command          : report_power -file SSI_top_power_routed.rpt -pb SSI_top_power_summary_routed.pb -rpx SSI_top_power_routed.rpx
| Design           : SSI_top
| Device           : xc7k325tffg900-1
| Design State     : routed
| Grade            : commercial
| Process          : typical
| Characterization : Production
-------------------------------------------------------------------------------------------------------------------------------------------

Power Report

Table of Contents
-----------------
1. Summary
1.1 On-Chip Components
1.2 Power Supply Summary
1.3 Confidence Level
2. Settings
2.1 Environment
2.2 Clock Constraints
3. Detailed Reports
3.1 By Hierarchy

1. Summary
----------

+--------------------------+--------------+
| Total On-Chip Power (W)  | 2.167        |
| Design Power Budget (W)  | Unspecified* |
| Power Budget Margin (W)  | NA           |
| Dynamic (W)              | 1.970        |
| Device Static (W)        | 0.196        |
| Effective TJA (C/W)      | 1.8          |
| Max Ambient (C)          | 81.2         |
| Junction Temperature (C) | 28.8         |
| Confidence Level         | Low          |
| Setting File             | ---          |
| Simulation Activity File | ---          |
| Design Nets Matched      | NA           |
+--------------------------+--------------+
* Specify Design Power Budget using, set_operating_conditions -design_power_budget <value in Watts>


1.1 On-Chip Components
----------------------

+--------------------------+-----------+----------+-----------+-----------------+
| On-Chip                  | Power (W) | Used     | Available | Utilization (%) |
+--------------------------+-----------+----------+-----------+-----------------+
| Clocks                   |     0.187 |       12 |       --- |             --- |
| Slice Logic              |     0.058 |    63118 |       --- |             --- |
|   LUT as Logic           |     0.048 |    19262 |    203800 |            9.45 |
|   Register               |     0.004 |    28971 |    407600 |            7.11 |
|   LUT as Distributed RAM |     0.003 |     1647 |     64000 |            2.57 |
|   CARRY4                 |     0.002 |      905 |     50950 |            1.78 |
|   LUT as Shift Register  |     0.001 |     1650 |     64000 |            2.58 |
|   F7/F8 Muxes            |    <0.001 |      646 |    203800 |            0.32 |
|   Others                 |     0.000 |     2090 |       --- |             --- |
| Signals                  |     0.089 |    45919 |       --- |             --- |
| Block RAM                |     0.228 |    243.5 |       445 |           54.72 |
| MMCM                     |     0.108 |        1 |        10 |           10.00 |
| I/O                      |    <0.001 |       12 |       500 |            2.40 |
| GTX                      |     1.241 |        4 |        16 |           25.00 |
| Hard IPs                 |     0.058 |        1 |       --- |             --- |
|   PCIE                   |     0.058 |        1 |         1 |          100.00 |
| Static Power             |     0.196 |          |           |                 |
| Total                    |     2.167 |          |           |                 |
+--------------------------+-----------+----------+-----------+-----------------+


1.2 Power Supply Summary
------------------------

+-----------+-------------+-----------+-------------+------------+-------------+-------------+------------+
| Source    | Voltage (V) | Total (A) | Dynamic (A) | Static (A) | Powerup (A) | Budget (A)  | Margin (A) |
+-----------+-------------+-----------+-------------+------------+-------------+-------------+------------+
| Vccint    |       1.000 |     0.838 |       0.752 |      0.086 |       NA    | Unspecified | NA         |
| Vccaux    |       1.800 |     0.088 |       0.059 |      0.029 |       NA    | Unspecified | NA         |
| Vcco33    |       3.300 |     0.000 |       0.000 |      0.000 |       NA    | Unspecified | NA         |
| Vcco25    |       2.500 |     0.000 |       0.000 |      0.000 |       NA    | Unspecified | NA         |
| Vcco18    |       1.800 |     0.000 |       0.000 |      0.000 |       NA    | Unspecified | NA         |
| Vcco15    |       1.500 |     0.001 |       0.000 |      0.001 |       NA    | Unspecified | NA         |
| Vcco135   |       1.350 |     0.000 |       0.000 |      0.000 |       NA    | Unspecified | NA         |
| Vcco12    |       1.200 |     0.000 |       0.000 |      0.000 |       NA    | Unspecified | NA         |
| Vccaux_io |       1.800 |     0.000 |       0.000 |      0.000 |       NA    | Unspecified | NA         |
| Vccbram   |       1.000 |     0.025 |       0.015 |      0.010 |       NA    | Unspecified | NA         |
| MGTAVcc   |       1.000 |     0.634 |       0.629 |      0.005 |       NA    | Unspecified | NA         |
| MGTAVtt   |       1.200 |     0.381 |       0.376 |      0.005 |       NA    | Unspecified | NA         |
| MGTVccaux |       1.800 |     0.009 |       0.009 |      0.000 |       NA    | Unspecified | NA         |
| Vccadc    |       1.800 |     0.020 |       0.000 |      0.020 |       NA    | Unspecified | NA         |
+-----------+-------------+-----------+-------------+------------+-------------+-------------+------------+


1.3 Confidence Level
--------------------

+-----------------------------+------------+--------------------------------------------------------+------------------------------------------------------------------------------------------------------------+
| User Input Data             | Confidence | Details                                                | Action                                                                                                     |
+-----------------------------+------------+--------------------------------------------------------+------------------------------------------------------------------------------------------------------------+
| Design implementation state | High       | Design is routed                                       |                                                                                                            |
| Clock nodes activity        | High       | User specified more than 95% of clocks                 |                                                                                                            |
| I/O nodes activity          | Low        | More than 75% of inputs are missing user specification | Provide missing input activity with simulation results or by editing the "By Resource Type -> I/Os" view   |
| Internal nodes activity     | Medium     | User specified less than 25% of internal nodes         | Provide missing internal nodes activity with simulation results or by editing the "By Resource Type" views |
| Device models               | High       | Device models are Production                           |                                                                                                            |
|                             |            |                                                        |                                                                                                            |
| Overall confidence level    | Low        |                                                        |                                                                                                            |
+-----------------------------+------------+--------------------------------------------------------+------------------------------------------------------------------------------------------------------------+


2. Settings
-----------

2.1 Environment
---------------

+-----------------------+--------------------------+
| Ambient Temp (C)      | 25.0                     |
| ThetaJA (C/W)         | 1.8                      |
| Airflow (LFM)         | 250                      |
| Heat Sink             | medium (Medium Profile)  |
| ThetaSA (C/W)         | 3.3                      |
| Board Selection       | medium (10"x10")         |
| # of Board Layers     | 12to15 (12 to 15 Layers) |
| Board Temperature (C) | 25.0                     |
+-----------------------+--------------------------+


2.2 Clock Constraints
---------------------

+--------------------------------------------------------------------------------------------+--------------------------------------------------------------------------------------------------------------------------------------------------------------------------------+-----------------+
| Clock                                                                                      | Domain                                                                                                                                                                         | Constraint (ns) |
+--------------------------------------------------------------------------------------------+--------------------------------------------------------------------------------------------------------------------------------------------------------------------------------+-----------------+
| clk_125mhz_mux_x0y0                                                                        | nolabel_line322/XDMA_i/xdma_0/inst/XDMA_xdma_0_0_pcie2_to_pcie3_wrapper_i/pcie2_ip_i/inst/inst/gt_top_i/pipe_wrapper_i/pipe_clock_int.pipe_clock_i/pclk_i1_bufgctrl.pclk_i1_0  |             4.0 |
| clk_125mhz_x0y0                                                                            | nolabel_line322/XDMA_i/xdma_0/inst/XDMA_xdma_0_0_pcie2_to_pcie3_wrapper_i/pcie2_ip_i/inst/inst/gt_top_i/pipe_wrapper_i/pipe_clock_int.pipe_clock_i/clk_125mhz                  |             8.0 |
| clk_250mhz_mux_x0y0                                                                        | nolabel_line322/XDMA_i/xdma_0/inst/XDMA_xdma_0_0_pcie2_to_pcie3_wrapper_i/pcie2_ip_i/inst/inst/gt_top_i/pipe_wrapper_i/pipe_clock_int.pipe_clock_i/pclk_i1_bufgctrl.pclk_i1_0  |             4.0 |
| clk_250mhz_x0y0                                                                            | nolabel_line322/XDMA_i/xdma_0/inst/XDMA_xdma_0_0_pcie2_to_pcie3_wrapper_i/pcie2_ip_i/inst/inst/gt_top_i/pipe_wrapper_i/pipe_clock_int.pipe_clock_i/clk_250mhz                  |             4.0 |
| dbg_hub/inst/BSCANID.u_xsdbm_id/SWITCH_N_EXT_BSCAN.bscan_inst/SERIES7_BSCAN.bscan_inst/TCK | dbg_hub/inst/BSCANID.u_xsdbm_id/SWITCH_N_EXT_BSCAN.bscan_inst/TCK                                                                                                              |            33.0 |
| mmcm_fb                                                                                    | nolabel_line322/XDMA_i/xdma_0/inst/XDMA_xdma_0_0_pcie2_to_pcie3_wrapper_i/pcie2_ip_i/inst/inst/gt_top_i/pipe_wrapper_i/pipe_clock_int.pipe_clock_i/mmcm_fb                     |            10.0 |
| sys_clk                                                                                    | Pcie_refclkp                                                                                                                                                                   |            10.0 |
| txoutclk_x0y0                                                                              | nolabel_line322/XDMA_i/xdma_0/inst/XDMA_xdma_0_0_pcie2_to_pcie3_wrapper_i/pcie2_ip_i/inst/inst/gt_top_i/pipe_wrapper_i/pipe_lane[0].gt_wrapper_i/gtx_channel.gtxe2_channel_i_2 |            10.0 |
| userclk1                                                                                   | nolabel_line322/XDMA_i/xdma_0/inst/XDMA_xdma_0_0_pcie2_to_pcie3_wrapper_i/pcie2_ip_i/inst/inst/gt_top_i/pipe_wrapper_i/pipe_clock_int.pipe_clock_i/userclk1                    |             4.0 |
| userclk2                                                                                   | nolabel_line322/XDMA_i/xdma_0/inst/XDMA_xdma_0_0_pcie2_to_pcie3_wrapper_i/pcie2_ip_i/inst/inst/gt_top_i/pipe_wrapper_i/pipe_clock_int.pipe_clock_i/userclk2                    |             8.0 |
+--------------------------------------------------------------------------------------------+--------------------------------------------------------------------------------------------------------------------------------------------------------------------------------+-----------------+


3. Detailed Reports
-------------------

3.1 By Hierarchy
----------------

+-----------------------------------------------+-----------+
| Name                                          | Power (W) |
+-----------------------------------------------+-----------+
| SSI_top                                       |     1.970 |
|   dbg_hub                                     |     0.004 |
|     inst                                      |     0.004 |
|       BSCANID.u_xsdbm_id                      |     0.004 |
|   nolabel_line322                             |     1.757 |
|     XDMA_i                                    |     1.757 |
|       axi_bram_ctrl_0                         |     0.006 |
|       axi_bram_ctrl_1                         |     0.002 |
|       blk_mem_gen_0                           |     0.017 |
|       xdma_0                                  |     1.732 |
|   ssi_channel[0].unipath_data_collection_inst |     0.002 |
|     SSI_interface_inst                        |     0.001 |
|   ssi_channel[1].unipath_data_collection_inst |     0.002 |
|     SSI_interface_inst                        |     0.001 |
|   u_ila_0                                     |     0.194 |
|     inst                                      |     0.194 |
|       ila_core_inst                           |     0.194 |
|   uut                                         |     0.002 |
+-----------------------------------------------+-----------+


